This file contains any messages produced by compilers while
running configure, to aid debugging if configure makes a mistake.

It was created by Harpoon configure 1.0, which was
generated by GNU Autoconf 2.68.  Invocation command line was

  $ ./configure 

## --------- ##
## Platform. ##
## --------- ##

hostname = abd-Ubuntu
uname -m = x86_64
uname -r = 5.4.0-132-generic
uname -s = Linux
uname -v = #148~18.04.1-Ubuntu SMP Mon Oct 24 20:41:14 UTC 2022

/usr/bin/uname -p = unknown
/bin/uname -X     = unknown

/bin/arch              = unknown
/usr/bin/arch -k       = unknown
/usr/convex/getsysinfo = unknown
/usr/bin/hostinfo      = unknown
/bin/machine           = unknown
/usr/bin/oslevel       = unknown
/bin/universe          = unknown

PATH: /home/abderrahmen/.local/bin
PATH: /usr/local/sbin
PATH: /usr/local/bin
PATH: /usr/sbin
PATH: /usr/bin
PATH: /sbin
PATH: /bin
PATH: /usr/games
PATH: /usr/local/games
PATH: /snap/bin


## ----------- ##
## Core tests. ##
## ----------- ##

configure:2234: checking for g++
configure:2250: found /usr/bin/g++
configure:2261: result: g++
configure:2288: checking for C++ compiler version
configure:2297: g++ --version >&5
g++ (Ubuntu 7.5.0-3ubuntu1~18.04) 7.5.0
Copyright (C) 2017 Free Software Foundation, Inc.
This is free software; see the source for copying conditions.  There is NO
warranty; not even for MERCHANTABILITY or FITNESS FOR A PARTICULAR PURPOSE.

configure:2308: $? = 0
configure:2297: g++ -v >&5
Using built-in specs.
COLLECT_GCC=g++
COLLECT_LTO_WRAPPER=/usr/lib/gcc/x86_64-linux-gnu/7/lto-wrapper
OFFLOAD_TARGET_NAMES=nvptx-none
OFFLOAD_TARGET_DEFAULT=1
Target: x86_64-linux-gnu
Configured with: ../src/configure -v --with-pkgversion='Ubuntu 7.5.0-3ubuntu1~18.04' --with-bugurl=file:///usr/share/doc/gcc-7/README.Bugs --enable-languages=c,ada,c++,go,brig,d,fortran,objc,obj-c++ --prefix=/usr --with-gcc-major-version-only --program-suffix=-7 --program-prefix=x86_64-linux-gnu- --enable-shared --enable-linker-build-id --libexecdir=/usr/lib --without-included-gettext --enable-threads=posix --libdir=/usr/lib --enable-nls --enable-bootstrap --enable-clocale=gnu --enable-libstdcxx-debug --enable-libstdcxx-time=yes --with-default-libstdcxx-abi=new --enable-gnu-unique-object --disable-vtable-verify --enable-libmpx --enable-plugin --enable-default-pie --with-system-zlib --with-target-system-zlib --enable-objc-gc=auto --enable-multiarch --disable-werror --with-arch-32=i686 --with-abi=m64 --with-multilib-list=m32,m64,mx32 --enable-multilib --with-tune=generic --enable-offload-targets=nvptx-none --without-cuda-driver --enable-checking=release --build=x86_64-linux-gnu --host=x86_64-linux-gnu --target=x86_64-linux-gnu
Thread model: posix
gcc version 7.5.0 (Ubuntu 7.5.0-3ubuntu1~18.04) 
configure:2308: $? = 0
configure:2297: g++ -V >&5
g++: error: unrecognized command line option '-V'
g++: fatal error: no input files
compilation terminated.
configure:2308: $? = 1
configure:2297: g++ -qversion >&5
g++: error: unrecognized command line option '-qversion'; did you mean '--version'?
g++: fatal error: no input files
compilation terminated.
configure:2308: $? = 1
configure:2328: checking whether the C++ compiler works
configure:2350: g++    conftest.cpp  >&5
configure:2354: $? = 0
configure:2402: result: yes
configure:2405: checking for C++ compiler default output file name
configure:2407: result: a.out
configure:2413: checking for suffix of executables
configure:2420: g++ -o conftest    conftest.cpp  >&5
configure:2424: $? = 0
configure:2446: result: 
configure:2468: checking whether we are cross compiling
configure:2476: g++ -o conftest    conftest.cpp  >&5
configure:2480: $? = 0
configure:2487: ./conftest
configure:2491: $? = 0
configure:2506: result: no
configure:2511: checking for suffix of object files
configure:2533: g++ -c   conftest.cpp >&5
configure:2537: $? = 0
configure:2558: result: o
configure:2562: checking whether we are using the GNU C++ compiler
configure:2581: g++ -c   conftest.cpp >&5
configure:2581: $? = 0
configure:2590: result: yes
configure:2599: checking whether g++ accepts -g
configure:2619: g++ -c -g  conftest.cpp >&5
configure:2619: $? = 0
configure:2660: result: yes
configure:2683: checking whether make sets $(MAKE)
configure:2705: result: yes
configure:2728: checking for a BSD-compatible install
configure:2796: result: /usr/bin/install -c
configure:2809: checking for python
configure:2827: found /usr/bin/python
configure:2839: result: /usr/bin/python
configure:2866: checking build system type
configure:2880: result: x86_64-unknown-linux-gnu
configure:2900: checking host system type
configure:2913: result: x86_64-unknown-linux-gnu
configure:2933: checking target system type
configure:2946: result: x86_64-unknown-linux-gnu
configure:3033: checking how to run the C++ preprocessor
configure:3060: g++ -E  conftest.cpp
configure:3060: $? = 0
configure:3074: g++ -E  conftest.cpp
conftest.cpp:9:10: fatal error: ac_nonexistent.h: No such file or directory
 #include <ac_nonexistent.h>
          ^~~~~~~~~~~~~~~~~~
compilation terminated.
configure:3074: $? = 1
configure: failed program was:
| /* confdefs.h */
| #define PACKAGE_NAME "Harpoon"
| #define PACKAGE_TARNAME "harpoon"
| #define PACKAGE_VERSION "1.0"
| #define PACKAGE_STRING "Harpoon 1.0"
| #define PACKAGE_BUGREPORT "jsommers@cs.wisc.edu"
| #define PACKAGE_URL ""
| /* end confdefs.h.  */
| #include <ac_nonexistent.h>
configure:3099: result: g++ -E
configure:3119: g++ -E  conftest.cpp
configure:3119: $? = 0
configure:3133: g++ -E  conftest.cpp
conftest.cpp:9:10: fatal error: ac_nonexistent.h: No such file or directory
 #include <ac_nonexistent.h>
          ^~~~~~~~~~~~~~~~~~
compilation terminated.
configure:3133: $? = 1
configure: failed program was:
| /* confdefs.h */
| #define PACKAGE_NAME "Harpoon"
| #define PACKAGE_TARNAME "harpoon"
| #define PACKAGE_VERSION "1.0"
| #define PACKAGE_STRING "Harpoon 1.0"
| #define PACKAGE_BUGREPORT "jsommers@cs.wisc.edu"
| #define PACKAGE_URL ""
| /* end confdefs.h.  */
| #include <ac_nonexistent.h>
configure:3162: checking for grep that handles long lines and -e
configure:3220: result: /bin/grep
configure:3225: checking for egrep
configure:3287: result: /bin/grep -E
configure:3292: checking for ANSI C header files
configure:3312: g++ -c -g -O2 -DBLOCKING_IO=0 -Wall -D_REENTRANT -DUSE_POLL=1 -fPIC  conftest.cpp >&5
configure:3312: $? = 0
configure:3385: g++ -o conftest -g -O2 -DBLOCKING_IO=0 -Wall -D_REENTRANT -DUSE_POLL=1 -fPIC   conftest.cpp  -lpthread >&5
configure:3385: $? = 0
configure:3385: ./conftest
configure:3385: $? = 0
configure:3396: result: yes
configure:3409: checking for sys/types.h
configure:3409: g++ -c -g -O2 -DBLOCKING_IO=0 -Wall -D_REENTRANT -DUSE_POLL=1 -fPIC  conftest.cpp >&5
configure:3409: $? = 0
configure:3409: result: yes
configure:3409: checking for sys/stat.h
configure:3409: g++ -c -g -O2 -DBLOCKING_IO=0 -Wall -D_REENTRANT -DUSE_POLL=1 -fPIC  conftest.cpp >&5
configure:3409: $? = 0
configure:3409: result: yes
configure:3409: checking for stdlib.h
configure:3409: g++ -c -g -O2 -DBLOCKING_IO=0 -Wall -D_REENTRANT -DUSE_POLL=1 -fPIC  conftest.cpp >&5
configure:3409: $? = 0
configure:3409: result: yes
configure:3409: checking for string.h
configure:3409: g++ -c -g -O2 -DBLOCKING_IO=0 -Wall -D_REENTRANT -DUSE_POLL=1 -fPIC  conftest.cpp >&5
configure:3409: $? = 0
configure:3409: result: yes
configure:3409: checking for memory.h
configure:3409: g++ -c -g -O2 -DBLOCKING_IO=0 -Wall -D_REENTRANT -DUSE_POLL=1 -fPIC  conftest.cpp >&5
configure:3409: $? = 0
configure:3409: result: yes
configure:3409: checking for strings.h
configure:3409: g++ -c -g -O2 -DBLOCKING_IO=0 -Wall -D_REENTRANT -DUSE_POLL=1 -fPIC  conftest.cpp >&5
configure:3409: $? = 0
configure:3409: result: yes
configure:3409: checking for inttypes.h
configure:3409: g++ -c -g -O2 -DBLOCKING_IO=0 -Wall -D_REENTRANT -DUSE_POLL=1 -fPIC  conftest.cpp >&5
configure:3409: $? = 0
configure:3409: result: yes
configure:3409: checking for stdint.h
configure:3409: g++ -c -g -O2 -DBLOCKING_IO=0 -Wall -D_REENTRANT -DUSE_POLL=1 -fPIC  conftest.cpp >&5
configure:3409: $? = 0
configure:3409: result: yes
configure:3409: checking for unistd.h
configure:3409: g++ -c -g -O2 -DBLOCKING_IO=0 -Wall -D_REENTRANT -DUSE_POLL=1 -fPIC  conftest.cpp >&5
configure:3409: $? = 0
configure:3409: result: yes
configure:3423: checking float.h usability
configure:3423: g++ -c -g -O2 -DBLOCKING_IO=0 -Wall -D_REENTRANT -DUSE_POLL=1 -fPIC  conftest.cpp >&5
configure:3423: $? = 0
configure:3423: result: yes
configure:3423: checking float.h presence
configure:3423: g++ -E  conftest.cpp
configure:3423: $? = 0
configure:3423: result: yes
configure:3423: checking for float.h
configure:3423: result: yes
configure:3435: checking sys/socket.h usability
configure:3435: g++ -c -g -O2 -DBLOCKING_IO=0 -Wall -D_REENTRANT -DUSE_POLL=1 -fPIC  conftest.cpp >&5
configure:3435: $? = 0
configure:3435: result: yes
configure:3435: checking sys/socket.h presence
configure:3435: g++ -E  conftest.cpp
configure:3435: $? = 0
configure:3435: result: yes
configure:3435: checking for sys/socket.h
configure:3435: result: yes
configure:3447: checking ftconfig.h usability
configure:3447: g++ -c -g -O2 -DBLOCKING_IO=0 -Wall -D_REENTRANT -DUSE_POLL=1 -fPIC  conftest.cpp >&5
conftest.cpp:54:10: fatal error: ftconfig.h: No such file or directory
 #include <ftconfig.h>
          ^~~~~~~~~~~~
compilation terminated.
configure:3447: $? = 1
configure: failed program was:
| /* confdefs.h */
| #define PACKAGE_NAME "Harpoon"
| #define PACKAGE_TARNAME "harpoon"
| #define PACKAGE_VERSION "1.0"
| #define PACKAGE_STRING "Harpoon 1.0"
| #define PACKAGE_BUGREPORT "jsommers@cs.wisc.edu"
| #define PACKAGE_URL ""
| #define STDC_HEADERS 1
| #define HAVE_SYS_TYPES_H 1
| #define HAVE_SYS_STAT_H 1
| #define HAVE_STDLIB_H 1
| #define HAVE_STRING_H 1
| #define HAVE_MEMORY_H 1
| #define HAVE_STRINGS_H 1
| #define HAVE_INTTYPES_H 1
| #define HAVE_STDINT_H 1
| #define HAVE_UNISTD_H 1
| #define HAVE_FLOAT_H 1
| #define HAVE_SYS_SOCKET_H 1
| /* end confdefs.h.  */
| #include <stdio.h>
| #ifdef HAVE_SYS_TYPES_H
| # include <sys/types.h>
| #endif
| #ifdef HAVE_SYS_STAT_H
| # include <sys/stat.h>
| #endif
| #ifdef STDC_HEADERS
| # include <stdlib.h>
| # include <stddef.h>
| #else
| # ifdef HAVE_STDLIB_H
| #  include <stdlib.h>
| # endif
| #endif
| #ifdef HAVE_STRING_H
| # if !defined STDC_HEADERS && defined HAVE_MEMORY_H
| #  include <memory.h>
| # endif
| # include <string.h>
| #endif
| #ifdef HAVE_STRINGS_H
| # include <strings.h>
| #endif
| #ifdef HAVE_INTTYPES_H
| # include <inttypes.h>
| #endif
| #ifdef HAVE_STDINT_H
| # include <stdint.h>
| #endif
| #ifdef HAVE_UNISTD_H
| # include <unistd.h>
| #endif
| #include <ftconfig.h>
configure:3447: result: no
configure:3447: checking ftconfig.h presence
configure:3447: g++ -E  conftest.cpp
conftest.cpp:21:10: fatal error: ftconfig.h: No such file or directory
 #include <ftconfig.h>
          ^~~~~~~~~~~~
compilation terminated.
configure:3447: $? = 1
configure: failed program was:
| /* confdefs.h */
| #define PACKAGE_NAME "Harpoon"
| #define PACKAGE_TARNAME "harpoon"
| #define PACKAGE_VERSION "1.0"
| #define PACKAGE_STRING "Harpoon 1.0"
| #define PACKAGE_BUGREPORT "jsommers@cs.wisc.edu"
| #define PACKAGE_URL ""
| #define STDC_HEADERS 1
| #define HAVE_SYS_TYPES_H 1
| #define HAVE_SYS_STAT_H 1
| #define HAVE_STDLIB_H 1
| #define HAVE_STRING_H 1
| #define HAVE_MEMORY_H 1
| #define HAVE_STRINGS_H 1
| #define HAVE_INTTYPES_H 1
| #define HAVE_STDINT_H 1
| #define HAVE_UNISTD_H 1
| #define HAVE_FLOAT_H 1
| #define HAVE_SYS_SOCKET_H 1
| /* end confdefs.h.  */
| #include <ftconfig.h>
configure:3447: result: no
configure:3447: checking for ftconfig.h
configure:3447: result: no
configure:3460: checking for gzopen in -lz
configure:3485: g++ -o conftest -g -O2 -DBLOCKING_IO=0 -Wall -D_REENTRANT -DUSE_POLL=1 -fPIC   conftest.cpp -lz   -lpthread >&5
configure:3485: $? = 0
configure:3494: result: yes
configure:3510: checking for ftio_read in -lft
configure:3535: g++ -o conftest -g -O2 -DBLOCKING_IO=0 -Wall -D_REENTRANT -DUSE_POLL=1 -fPIC   conftest.cpp -lft -lz -lz  -lpthread >&5
/usr/bin/ld: cannot find -lft
collect2: error: ld returned 1 exit status
configure:3535: $? = 1
configure: failed program was:
| /* confdefs.h */
| #define PACKAGE_NAME "Harpoon"
| #define PACKAGE_TARNAME "harpoon"
| #define PACKAGE_VERSION "1.0"
| #define PACKAGE_STRING "Harpoon 1.0"
| #define PACKAGE_BUGREPORT "jsommers@cs.wisc.edu"
| #define PACKAGE_URL ""
| #define STDC_HEADERS 1
| #define HAVE_SYS_TYPES_H 1
| #define HAVE_SYS_STAT_H 1
| #define HAVE_STDLIB_H 1
| #define HAVE_STRING_H 1
| #define HAVE_MEMORY_H 1
| #define HAVE_STRINGS_H 1
| #define HAVE_INTTYPES_H 1
| #define HAVE_STDINT_H 1
| #define HAVE_UNISTD_H 1
| #define HAVE_FLOAT_H 1
| #define HAVE_SYS_SOCKET_H 1
| #define HAVE_FLOWTOOLS 0
| #define HAVE_LIBZ 1
| /* end confdefs.h.  */
| 
| /* Override any GCC internal prototype to avoid an error.
|    Use char because int might match the return type of a GCC
|    builtin and then its argument prototype would still apply.  */
| #ifdef __cplusplus
| extern "C"
| #endif
| char ftio_read ();
| int
| main ()
| {
| return ftio_read ();
|   ;
|   return 0;
| }
configure:3544: result: no
configure:3551: WARNING: "no flow-tools library."
configure:3563: checking for dlopen in -ldl
configure:3588: g++ -o conftest -g -O2 -DBLOCKING_IO=0 -Wall -D_REENTRANT -DUSE_POLL=1 -fPIC   conftest.cpp -ldl  -lz  -lpthread >&5
configure:3588: $? = 0
configure:3598: result: yes
configure:3613: checking for XML_Parse in -lexpat
configure:3638: g++ -o conftest -g -O2 -DBLOCKING_IO=0 -Wall -D_REENTRANT -DUSE_POLL=1 -fPIC   conftest.cpp -lexpat  -ldl -lz  -lpthread >&5
configure:3638: $? = 0
configure:3647: result: yes
configure:3660: checking for socklen_t
configure:3660: g++ -c -g -O2 -DBLOCKING_IO=0 -Wall -D_REENTRANT -DUSE_POLL=1 -fPIC  conftest.cpp >&5
configure:3660: $? = 0
configure:3660: g++ -c -g -O2 -DBLOCKING_IO=0 -Wall -D_REENTRANT -DUSE_POLL=1 -fPIC  conftest.cpp >&5
conftest.cpp: In function 'int main()':
conftest.cpp:34:23: error: expected primary-expression before ')' token
 if (sizeof ((socklen_t)))
                       ^
configure:3660: $? = 1
configure: failed program was:
| /* confdefs.h */
| #define PACKAGE_NAME "Harpoon"
| #define PACKAGE_TARNAME "harpoon"
| #define PACKAGE_VERSION "1.0"
| #define PACKAGE_STRING "Harpoon 1.0"
| #define PACKAGE_BUGREPORT "jsommers@cs.wisc.edu"
| #define PACKAGE_URL ""
| #define STDC_HEADERS 1
| #define HAVE_SYS_TYPES_H 1
| #define HAVE_SYS_STAT_H 1
| #define HAVE_STDLIB_H 1
| #define HAVE_STRING_H 1
| #define HAVE_MEMORY_H 1
| #define HAVE_STRINGS_H 1
| #define HAVE_INTTYPES_H 1
| #define HAVE_STDINT_H 1
| #define HAVE_UNISTD_H 1
| #define HAVE_FLOAT_H 1
| #define HAVE_SYS_SOCKET_H 1
| #define HAVE_FLOWTOOLS 0
| #define HAVE_LIBZ 1
| #define HAVE_FLOWTOOLS 0
| #define HAVE_LIBDL 1
| #define HAVE_LIBEXPAT 1
| /* end confdefs.h.  */
| #if HAVE_SYS_SOCKET_H
|  # include <sys/types.h>
|  # include <sys/socket.h>
|  # endif
| 
| int
| main ()
| {
| if (sizeof ((socklen_t)))
| 	    return 0;
|   ;
|   return 0;
| }
configure:3660: result: yes
configure:3803: creating ./config.status

## ---------------------- ##
## Running config.status. ##
## ---------------------- ##

This file was extended by Harpoon config.status 1.0, which was
generated by GNU Autoconf 2.68.  Invocation command line was

  CONFIG_FILES    = 
  CONFIG_HEADERS  = 
  CONFIG_LINKS    = 
  CONFIG_COMMANDS = 
  $ ./config.status 

on abd-Ubuntu

config.status:859: creating Makefile
config.status:859: creating src/Makefile
config.status:859: creating src/plugins/Makefile
config.status:859: creating docs/Makefile
config.status:859: creating selfconf/Makefile
config.status:859: creating examples/tcp_client.xml
config.status:859: creating examples/tcp_server.xml
config.status:859: creating examples/tcp_client_ex2.xml
config.status:859: creating examples/tcp_server_ex2.xml
config.status:859: creating examples/udp_client.xml
config.status:859: creating examples/udp_server.xml
config.status:859: creating examples/dummy_plugin.xml
config.status:859: creating examples/inftcp_client.xml
config.status:859: creating examples/inftcp_server.xml
config.status:859: creating src/run_harpoon.sh
config.status:859: creating src/config.h
config.status:1034: src/config.h is unchanged

## ---------------- ##
## Cache variables. ##
## ---------------- ##

ac_cv_build=x86_64-unknown-linux-gnu
ac_cv_cxx_compiler_gnu=yes
ac_cv_env_CCC_set=
ac_cv_env_CCC_value=
ac_cv_env_CPPFLAGS_set=
ac_cv_env_CPPFLAGS_value=
ac_cv_env_CXXCPP_set=
ac_cv_env_CXXCPP_value=
ac_cv_env_CXXFLAGS_set=
ac_cv_env_CXXFLAGS_value=
ac_cv_env_CXX_set=
ac_cv_env_CXX_value=
ac_cv_env_LDFLAGS_set=
ac_cv_env_LDFLAGS_value=
ac_cv_env_LIBS_set=
ac_cv_env_LIBS_value=
ac_cv_env_build_alias_set=
ac_cv_env_build_alias_value=
ac_cv_env_host_alias_set=
ac_cv_env_host_alias_value=
ac_cv_env_target_alias_set=
ac_cv_env_target_alias_value=
ac_cv_header_float_h=yes
ac_cv_header_ftconfig_h=no
ac_cv_header_inttypes_h=yes
ac_cv_header_memory_h=yes
ac_cv_header_stdc=yes
ac_cv_header_stdint_h=yes
ac_cv_header_stdlib_h=yes
ac_cv_header_string_h=yes
ac_cv_header_strings_h=yes
ac_cv_header_sys_socket_h=yes
ac_cv_header_sys_stat_h=yes
ac_cv_header_sys_types_h=yes
ac_cv_header_unistd_h=yes
ac_cv_host=x86_64-unknown-linux-gnu
ac_cv_lib_dl___dlopen=yes
ac_cv_lib_expat_XML_Parse=yes
ac_cv_lib_ft_ftio_read=no
ac_cv_lib_z_gzopen=yes
ac_cv_objext=o
ac_cv_path_EGREP='/bin/grep -E'
ac_cv_path_GREP=/bin/grep
ac_cv_path_PYTHON=/usr/bin/python
ac_cv_path_install='/usr/bin/install -c'
ac_cv_prog_CXXCPP='g++ -E'
ac_cv_prog_ac_ct_CXX=g++
ac_cv_prog_cxx_g=yes
ac_cv_prog_make_make_set=yes
ac_cv_target=x86_64-unknown-linux-gnu
ac_cv_type_socklen_t=yes

## ----------------- ##
## Output variables. ##
## ----------------- ##

CPPFLAGS=''
CXX='g++'
CXXCPP='g++ -E'
CXXFLAGS='-g -O2 -DBLOCKING_IO=0 -Wall -D_REENTRANT -DUSE_POLL=1 -fPIC'
DARWIN_BROKEN_DLCOMPAT='0'
DEFS='-DHAVE_CONFIG_H'
ECHO_C=''
ECHO_N='-n'
ECHO_T=''
EGREP='/bin/grep -E'
EXEEXT=''
GREP='/bin/grep'
HAVE_FLOAT_H=''
INSTALL_DATA='${INSTALL} -m 644'
INSTALL_PROGRAM='${INSTALL}'
INSTALL_SCRIPT='${INSTALL}'
LDFLAGS=''
LIBFT=''
LIBOBJS=''
LIBS='-lexpat -ldl -lz  -lpthread'
LTLIBOBJS=''
OBJEXT='o'
PACKAGE_BUGREPORT='jsommers@cs.wisc.edu'
PACKAGE_NAME='Harpoon'
PACKAGE_STRING='Harpoon 1.0'
PACKAGE_TARNAME='harpoon'
PACKAGE_URL=''
PACKAGE_VERSION='1.0'
PATH_SEPARATOR=':'
PYTHON='/usr/bin/python'
SET_MAKE=''
SHELL='/bin/bash'
SHLIB_EXT='so'
SHLIB_FLAG='-shared'
SOCKLEN_T=''
STATIC_PLUGINS='0'
STATIC_PLUGIN_OBJS=''
TEMPLATEDIR=''
USE_DEBUG='0'
ac_ct_CXX='g++'
bindir='${exec_prefix}/bin'
build='x86_64-unknown-linux-gnu'
build_alias=''
build_cpu='x86_64'
build_os='linux-gnu'
build_vendor='unknown'
datadir='${datarootdir}'
datarootdir='${prefix}/share'
docdir='${datarootdir}/docs/${PACKAGE_TARNAME}'
dvidir='${docdir}'
exec_prefix='${prefix}'
host='x86_64-unknown-linux-gnu'
host_alias=''
host_cpu='x86_64'
host_os='linux-gnu'
host_vendor='unknown'
htmldir='${docdir}'
includedir='${prefix}/include'
infodir='${datarootdir}/info'
libdir='${exec_prefix}/lib'
libexecdir='${exec_prefix}/libexec'
localedir='${datarootdir}/locale'
localstatedir='${prefix}/var'
mandir='${datarootdir}/man'
oldincludedir='/usr/include'
pdfdir='${docdir}'
prefix='/usr/local/harpoon'
program_transform_name='s,x,x,'
psdir='${docdir}'
sbindir='${exec_prefix}/sbin'
sharedstatedir='${prefix}/com'
sysconfdir='${prefix}/etc'
target='x86_64-unknown-linux-gnu'
target_alias=''
target_cpu='x86_64'
target_os='linux-gnu'
target_vendor='unknown'

## ----------- ##
## confdefs.h. ##
## ----------- ##

/* confdefs.h */
#define PACKAGE_NAME "Harpoon"
#define PACKAGE_TARNAME "harpoon"
#define PACKAGE_VERSION "1.0"
#define PACKAGE_STRING "Harpoon 1.0"
#define PACKAGE_BUGREPORT "jsommers@cs.wisc.edu"
#define PACKAGE_URL ""
#define STDC_HEADERS 1
#define HAVE_SYS_TYPES_H 1
#define HAVE_SYS_STAT_H 1
#define HAVE_STDLIB_H 1
#define HAVE_STRING_H 1
#define HAVE_MEMORY_H 1
#define HAVE_STRINGS_H 1
#define HAVE_INTTYPES_H 1
#define HAVE_STDINT_H 1
#define HAVE_UNISTD_H 1
#define HAVE_FLOAT_H 1
#define HAVE_SYS_SOCKET_H 1
#define HAVE_FLOWTOOLS 0
#define HAVE_LIBZ 1
#define HAVE_FLOWTOOLS 0
#define HAVE_LIBDL 1
#define HAVE_LIBEXPAT 1
#define SOCKLEN_T socklen_t

configure: exit 0
